Build started 6/19/2014 12:40:26 AM.
     1>Project "C:\Users\NearSingularity.Singular\Desktop\CudaBoids\Boids\Boids.vcxproj" on node 2 (build target(s)).
     1>InitializeBuildStatus:
         Creating "Debug\Boids.unsuccessfulbuild" because "AlwaysCreate" was specified.
       ClCompile:
         c:\Program Files (x86)\Microsoft Visual Studio 10.0\VC\bin\CL.exe /c /IC:\Users\NearSingularity.Singular\Desktop\CudaBoids\Boids\\Include /I"C:\Program Files\NVIDIA GPU Computing Toolkit\CUDA\v5.5\include" /ZI /nologo /W3 /WX- /Od /Oy- /D WIN32 /D _DEBUG /D _CONSOLE /D _USE_MATH_DEFINES /D _UNICODE /D UNICODE /Gm /EHsc /RTC1 /MDd /GS /fp:precise /Zc:wchar_t /Zc:forScope /Fo"Debug\\" /Fd"Debug\vc100.pdb" /Gd /TP /analyze- /errorReport:prompt Flocking.cpp Manager.cpp
         Manager.cpp
     1>c:\users\nearsingularity.singular\desktop\cudaboids\boids\mathhelpers.h(2): warning C4005: '_USE_MATH_DEFINES' : macro redefinition
                 command-line arguments :  see previous definition of '_USE_MATH_DEFINES'
         Flocking.cpp
     1>c:\users\nearsingularity.singular\desktop\cudaboids\boids\mathhelpers.h(2): warning C4005: '_USE_MATH_DEFINES' : macro redefinition
                 command-line arguments :  see previous definition of '_USE_MATH_DEFINES'
         Generating Code...
       ManifestResourceCompile:
         All outputs are up-to-date.
       Link:
         c:\Program Files (x86)\Microsoft Visual Studio 10.0\VC\bin\link.exe /ERRORREPORT:PROMPT /OUT:"C:\Users\NearSingularity.Singular\Desktop\CudaBoids\Debug\Boids.exe" /INCREMENTAL /NOLOGO /LIBPATH:C:\Users\NearSingularity.Singular\Desktop\CudaBoids\Boids\\Lib /LIBPATH:"C:\Program Files\NVIDIA GPU Computing Toolkit\CUDA\v5.5\lib\Win32" glew32.lib freeglut.lib kernel32.lib user32.lib gdi32.lib winspool.lib comdlg32.lib advapi32.lib shell32.lib ole32.lib oleaut32.lib uuid.lib odbc32.lib odbccp32.lib /MANIFEST /ManifestFile:"Debug\Boids.exe.intermediate.manifest" /MANIFESTUAC:"level='asInvoker' uiAccess='false'" /DEBUG /PDB:"C:\Users\NearSingularity.Singular\Desktop\CudaBoids\Debug\Boids.pdb" /SUBSYSTEM:CONSOLE /TLBID:1 /DYNAMICBASE /NXCOMPAT /IMPLIB:"C:\Users\NearSingularity.Singular\Desktop\CudaBoids\Debug\Boids.lib" /MACHINE:X86 Debug\Boids.exe.embed.manifest.res
         Debug\BoidSystem.obj
         Debug\Camera.obj
         Debug\Flocking.obj
         Debug\glut_backend.obj
         Debug\Manager.obj
         Debug\MathHelpers.obj
         Debug\pipeline.obj
         Debug\main.obj
         Debug\Shader.obj
       Manifest:
         C:\Program Files (x86)\Microsoft SDKs\Windows\v7.0A\bin\mt.exe /nologo /verbose /out:"Debug\Boids.exe.embed.manifest" /manifest Debug\Boids.exe.intermediate.manifest
         All outputs are up-to-date.
       LinkEmbedManifest:
         All outputs are up-to-date.
         Boids.vcxproj -> C:\Users\NearSingularity.Singular\Desktop\CudaBoids\Debug\Boids.exe
       FinalizeBuildStatus:
         Deleting file "Debug\Boids.unsuccessfulbuild".
         Touching "Debug\Boids.lastbuildstate".
     1>Done Building Project "C:\Users\NearSingularity.Singular\Desktop\CudaBoids\Boids\Boids.vcxproj" (build target(s)).

Build succeeded.

Time Elapsed 00:00:03.83
