C:\USERS\STUDENT\DESKTOP\CUDABOIDS\BOIDS\DEBUG\BOID.OBJ
C:\USERS\STUDENT\DESKTOP\CUDABOIDS\BOIDS\DEBUG\BOIDS.EXE.EMBED.MANIFEST
C:\USERS\STUDENT\DESKTOP\CUDABOIDS\BOIDS\DEBUG\BOIDS.EXE.EMBED.MANIFEST.RES
C:\USERS\STUDENT\DESKTOP\CUDABOIDS\BOIDS\DEBUG\BOIDS.EXE.INTERMEDIATE.MANIFEST
C:\Users\student\Desktop\CudaBoids\Boids\Debug\Boids_manifest.rc
C:\USERS\STUDENT\DESKTOP\CUDABOIDS\BOIDS\DEBUG\CAMERA.OBJ
C:\Users\student\Desktop\CudaBoids\Boids\Debug\cl.command.1.tlog
C:\Users\student\Desktop\CudaBoids\Boids\Debug\CL.read.1.tlog
C:\Users\student\Desktop\CudaBoids\Boids\Debug\CL.write.1.tlog
C:\USERS\STUDENT\DESKTOP\CUDABOIDS\BOIDS\DEBUG\GLUT_BACKEND.OBJ
C:\Users\student\Desktop\CudaBoids\Boids\Debug\link.884.read.1.tlog
C:\Users\student\Desktop\CudaBoids\Boids\Debug\link.884.write.1.tlog
C:\Users\student\Desktop\CudaBoids\Boids\Debug\link.884-cvtres.read.1.tlog
C:\Users\student\Desktop\CudaBoids\Boids\Debug\link.884-cvtres.write.1.tlog
C:\Users\student\Desktop\CudaBoids\Boids\Debug\link.command.1.tlog
C:\Users\student\Desktop\CudaBoids\Boids\Debug\link.read.1.tlog
C:\Users\student\Desktop\CudaBoids\Boids\Debug\link.write.1.tlog
C:\Users\student\Desktop\CudaBoids\Boids\Debug\link-cvtres.read.1.tlog
C:\Users\student\Desktop\CudaBoids\Boids\Debug\link-cvtres.write.1.tlog
C:\USERS\STUDENT\DESKTOP\CUDABOIDS\BOIDS\DEBUG\MAIN.OBJ
C:\USERS\STUDENT\DESKTOP\CUDABOIDS\BOIDS\DEBUG\MANAGER.OBJ
C:\USERS\STUDENT\DESKTOP\CUDABOIDS\BOIDS\DEBUG\MATHHELPERS.OBJ
C:\Users\student\Desktop\CudaBoids\Boids\Debug\mt.command.1.tlog
C:\Users\student\Desktop\CudaBoids\Boids\Debug\mt.read.1.tlog
C:\Users\student\Desktop\CudaBoids\Boids\Debug\mt.write.1.tlog
C:\USERS\STUDENT\DESKTOP\CUDABOIDS\BOIDS\DEBUG\PIPELINE.OBJ
C:\Users\student\Desktop\CudaBoids\Boids\Debug\rc.command.1.tlog
C:\Users\student\Desktop\CudaBoids\Boids\Debug\rc.read.1.tlog
C:\Users\student\Desktop\CudaBoids\Boids\Debug\rc.write.1.tlog
C:\Users\student\Desktop\CudaBoids\Boids\Debug\vc100.idb
C:\USERS\STUDENT\DESKTOP\CUDABOIDS\BOIDS\DEBUG\VC100.PDB
C:\USERS\STUDENT\DESKTOP\CUDABOIDS\DEBUG\BOIDS.EXE
C:\USERS\STUDENT\DESKTOP\CUDABOIDS\DEBUG\BOIDS.ILK
C:\USERS\STUDENT\DESKTOP\CUDABOIDS\DEBUG\BOIDS.PDB
